android-dc/build/intermediates/manifest_merge_blame_file/fossRelease/processFossReleaseMainManifest/manifest-merger-blame-foss-release-report.txt
1<?xml version="1.0" encoding="utf-8"?>
2<manifest xmlns:android="http://schemas.android.com/apk/res/android"
3    package="com.epsilonchat.messenger"
4    android:versionCode="751"
5    android:versionName="0.7.0" > <!-- force compiling libs on older sdk than supported; runtime checks are required -->
6    <uses-sdk
6-->src/main/AndroidManifest.xml:79:5-87
7        android:minSdkVersion="21"
8        android:targetSdkVersion="36" />
9
10    <uses-permission android:name="android.permission.FOREGROUND_SERVICE_SPECIAL_USE" />
10-->src/foss/AndroidManifest.xml:6:5-7:76
10-->src/foss/AndroidManifest.xml:7:9-73
11
12    <uses-feature
12-->src/main/AndroidManifest.xml:6:5-8:36
13        android:name="android.hardware.camera"
13-->src/main/AndroidManifest.xml:7:9-47
14        android:required="false" />
14-->src/main/AndroidManifest.xml:8:9-33
15    <uses-feature
15-->src/main/AndroidManifest.xml:9:5-11:36
16        android:name="android.hardware.bluetooth"
16-->src/main/AndroidManifest.xml:10:9-50
17        android:required="false" />
17-->src/main/AndroidManifest.xml:11:9-33
18    <uses-feature
18-->src/main/AndroidManifest.xml:12:5-14:36
19        android:name="android.hardware.location"
19-->src/main/AndroidManifest.xml:13:9-49
20        android:required="false" />
20-->src/main/AndroidManifest.xml:14:9-33
21    <uses-feature
21-->src/main/AndroidManifest.xml:15:5-17:36
22        android:name="android.hardware.location.network"
22-->src/main/AndroidManifest.xml:16:9-57
23        android:required="false" />
23-->src/main/AndroidManifest.xml:17:9-33
24    <uses-feature
24-->src/main/AndroidManifest.xml:18:5-20:36
25        android:name="android.hardware.location.gps"
25-->src/main/AndroidManifest.xml:19:9-53
26        android:required="false" />
26-->src/main/AndroidManifest.xml:20:9-33
27    <uses-feature
27-->src/main/AndroidManifest.xml:21:5-23:36
28        android:name="android.hardware.microphone"
28-->src/main/AndroidManifest.xml:22:9-51
29        android:required="false" />
29-->src/main/AndroidManifest.xml:23:9-33
30    <uses-feature
30-->src/main/AndroidManifest.xml:24:5-26:36
31        android:name="android.hardware.wifi"
31-->src/main/AndroidManifest.xml:25:9-45
32        android:required="false" />
32-->src/main/AndroidManifest.xml:26:9-33
33    <uses-feature
33-->src/main/AndroidManifest.xml:27:5-29:36
34        android:name="android.hardware.portrait"
34-->src/main/AndroidManifest.xml:28:9-49
35        android:required="false" />
35-->src/main/AndroidManifest.xml:29:9-33
36    <uses-feature
36-->src/main/AndroidManifest.xml:30:5-32:36
37        android:name="android.hardware.touchscreen"
37-->src/main/AndroidManifest.xml:31:9-52
38        android:required="false" /> <!-- dangerous permissions - we need to as the user with a PermissionsRequest -->
38-->src/main/AndroidManifest.xml:32:9-33
39    <uses-permission android:name="android.permission.READ_MEDIA_IMAGES" />
39-->src/main/AndroidManifest.xml:35:5-76
39-->src/main/AndroidManifest.xml:35:22-73
40    <uses-permission android:name="android.permission.READ_MEDIA_VIDEO" />
40-->src/main/AndroidManifest.xml:36:5-75
40-->src/main/AndroidManifest.xml:36:22-72
41    <uses-permission
41-->src/main/AndroidManifest.xml:37:5-39:38
42        android:name="android.permission.READ_EXTERNAL_STORAGE"
42-->src/main/AndroidManifest.xml:38:9-64
43        android:maxSdkVersion="32" />
43-->src/main/AndroidManifest.xml:39:9-35
44    <uses-permission
44-->src/main/AndroidManifest.xml:40:5-42:38
45        android:name="android.permission.WRITE_EXTERNAL_STORAGE"
45-->src/main/AndroidManifest.xml:41:9-65
46        android:maxSdkVersion="29" />
46-->src/main/AndroidManifest.xml:42:9-35
47    <uses-permission android:name="android.permission.POST_NOTIFICATIONS" />
47-->src/main/AndroidManifest.xml:43:5-77
47-->src/main/AndroidManifest.xml:43:22-74
48    <uses-permission android:name="android.permission.CAMERA" />
48-->src/main/AndroidManifest.xml:44:5-65
48-->src/main/AndroidManifest.xml:44:22-62
49    <uses-permission
49-->src/main/AndroidManifest.xml:45:5-47:38
50        android:name="android.permission.BLUETOOTH"
50-->src/main/AndroidManifest.xml:46:9-52
51        android:maxSdkVersion="30" />
51-->src/main/AndroidManifest.xml:47:9-35
52    <uses-permission android:name="android.permission.BLUETOOTH_CONNECT" />
52-->src/main/AndroidManifest.xml:48:5-76
52-->src/main/AndroidManifest.xml:48:22-73
53    <uses-permission android:name="android.permission.ACCESS_COARSE_LOCATION" />
53-->src/main/AndroidManifest.xml:49:5-81
53-->src/main/AndroidManifest.xml:49:22-78
54    <uses-permission android:name="android.permission.ACCESS_FINE_LOCATION" />
54-->src/main/AndroidManifest.xml:50:5-79
54-->src/main/AndroidManifest.xml:50:22-76
55    <uses-permission android:name="android.permission.RECORD_AUDIO" />
55-->src/main/AndroidManifest.xml:51:5-71
55-->src/main/AndroidManifest.xml:51:22-68
56    <uses-permission android:name="android.permission.USE_FULL_SCREEN_INTENT" /> <!-- normal/instant permissions - adding them here is enough -->
56-->src/main/AndroidManifest.xml:52:5-81
56-->src/main/AndroidManifest.xml:52:22-78
57    <uses-permission android:name="android.permission.MODIFY_AUDIO_SETTINGS" />
57-->src/main/AndroidManifest.xml:55:5-80
57-->src/main/AndroidManifest.xml:55:22-77
58    <uses-permission android:name="android.permission.RECEIVE_BOOT_COMPLETED" />
58-->src/main/AndroidManifest.xml:56:5-81
58-->src/main/AndroidManifest.xml:56:22-78
59    <uses-permission android:name="android.permission.VIBRATE" />
59-->src/main/AndroidManifest.xml:57:5-66
59-->src/main/AndroidManifest.xml:57:22-63
60    <uses-permission android:name="android.permission.ACCESS_NETWORK_STATE" />
60-->src/main/AndroidManifest.xml:58:5-79
60-->src/main/AndroidManifest.xml:58:22-76
61    <uses-permission android:name="android.permission.WAKE_LOCK" />
61-->src/main/AndroidManifest.xml:59:5-68
61-->src/main/AndroidManifest.xml:59:22-65
62    <uses-permission android:name="android.permission.INTERNET" />
62-->src/main/AndroidManifest.xml:60:5-67
62-->src/main/AndroidManifest.xml:60:22-64
63    <uses-permission android:name="android.permission.INSTALL_SHORTCUT" />
63-->src/main/AndroidManifest.xml:61:5-75
63-->src/main/AndroidManifest.xml:61:22-72
64    <uses-permission android:name="com.android.launcher.permission.INSTALL_SHORTCUT" />
64-->src/main/AndroidManifest.xml:62:5-88
64-->src/main/AndroidManifest.xml:62:22-85
65    <uses-permission android:name="android.permission.ACCESS_WIFI_STATE" />
65-->src/main/AndroidManifest.xml:63:5-76
65-->src/main/AndroidManifest.xml:63:22-73
66    <uses-permission android:name="android.permission.RAISED_THREAD_PRIORITY" />
66-->src/main/AndroidManifest.xml:64:5-81
66-->src/main/AndroidManifest.xml:64:22-78
67    <uses-permission android:name="android.permission.REQUEST_IGNORE_BATTERY_OPTIMIZATIONS" />
67-->src/main/AndroidManifest.xml:65:5-66:82
67-->src/main/AndroidManifest.xml:66:9-79
68    <uses-permission android:name="android.permission.FOREGROUND_SERVICE" />
68-->src/main/AndroidManifest.xml:67:5-77
68-->src/main/AndroidManifest.xml:67:22-74
69    <uses-permission android:name="android.permission.REQUEST_INSTALL_PACKAGES" />
69-->src/main/AndroidManifest.xml:68:5-83
69-->src/main/AndroidManifest.xml:68:22-80
70    <uses-permission android:name="android.permission.FOREGROUND_SERVICE_DATA_SYNC" />
70-->src/main/AndroidManifest.xml:69:5-87
70-->src/main/AndroidManifest.xml:69:22-84
71    <uses-permission android:name="android.permission.FOREGROUND_SERVICE_MEDIA_PLAYBACK" />
71-->src/main/AndroidManifest.xml:70:5-71:79
71-->src/main/AndroidManifest.xml:71:9-76
72    <uses-permission android:name="android.permission.FOREGROUND_SERVICE_CAMERA" />
72-->src/main/AndroidManifest.xml:72:5-84
72-->src/main/AndroidManifest.xml:72:22-81
73    <uses-permission android:name="android.permission.FOREGROUND_SERVICE_MICROPHONE" />
73-->src/main/AndroidManifest.xml:73:5-88
73-->src/main/AndroidManifest.xml:73:22-85
74    <uses-permission android:name="android.permission.FOREGROUND_SERVICE_PHONE_CALL" />
74-->src/main/AndroidManifest.xml:74:5-88
74-->src/main/AndroidManifest.xml:74:22-85
75    <uses-permission android:name="android.permission.FOREGROUND_SERVICE_LOCATION" />
75-->src/main/AndroidManifest.xml:75:5-86
75-->src/main/AndroidManifest.xml:75:22-83
76    <uses-permission android:name="android.permission.MANAGE_OWN_CALLS" />
76-->src/main/AndroidManifest.xml:76:5-75
76-->src/main/AndroidManifest.xml:76:22-72
77
78    <queries>
78-->src/main/AndroidManifest.xml:612:5-619:15
79        <intent>
79-->src/main/AndroidManifest.xml:613:9-615:18
80            <action android:name="android.media.action.IMAGE_CAPTURE" />
80-->src/main/AndroidManifest.xml:614:13-73
80-->src/main/AndroidManifest.xml:614:21-70
81        </intent>
82        <intent>
82-->src/main/AndroidManifest.xml:616:9-618:18
83            <action android:name="android.intent.action.TTS_SERVICE" />
83-->src/main/AndroidManifest.xml:617:13-72
83-->src/main/AndroidManifest.xml:617:21-69
84        </intent>
85    </queries>
86
87    <permission
87-->[androidx.core:core:1.17.0] AndroidManifest.xml:22:5-24:47
88        android:name="com.epsilonchat.messenger.DYNAMIC_RECEIVER_NOT_EXPORTED_PERMISSION"
88-->[androidx.core:core:1.17.0] AndroidManifest.xml:23:9-81
89        android:protectionLevel="signature" />
89-->[androidx.core:core:1.17.0] AndroidManifest.xml:24:9-44
90
91    <uses-permission android:name="com.epsilonchat.messenger.DYNAMIC_RECEIVER_NOT_EXPORTED_PERMISSION" />
91-->[androidx.core:core:1.17.0] AndroidManifest.xml:26:5-97
91-->[androidx.core:core:1.17.0] AndroidManifest.xml:26:22-94
92
93    <uses-feature
93-->[com.journeyapps:zxing-android-embedded:4.3.0] AndroidManifest.xml:28:5-30:36
94        android:name="android.hardware.camera.front"
94-->[com.journeyapps:zxing-android-embedded:4.3.0] AndroidManifest.xml:29:9-53
95        android:required="false" /> <!-- TODO replace above two with next line after Android 4.2 -->
95-->[com.journeyapps:zxing-android-embedded:4.3.0] AndroidManifest.xml:30:9-33
96    <!-- <uses-feature android:name="android.hardware.camera.any"/> -->
97    <uses-feature
97-->[com.journeyapps:zxing-android-embedded:4.3.0] AndroidManifest.xml:33:5-35:36
98        android:name="android.hardware.camera.autofocus"
98-->[com.journeyapps:zxing-android-embedded:4.3.0] AndroidManifest.xml:34:9-57
99        android:required="false" />
99-->[com.journeyapps:zxing-android-embedded:4.3.0] AndroidManifest.xml:35:9-33
100    <uses-feature
100-->[com.journeyapps:zxing-android-embedded:4.3.0] AndroidManifest.xml:36:5-38:36
101        android:name="android.hardware.camera.flash"
101-->[com.journeyapps:zxing-android-embedded:4.3.0] AndroidManifest.xml:37:9-53
102        android:required="false" />
102-->[com.journeyapps:zxing-android-embedded:4.3.0] AndroidManifest.xml:38:9-33
103    <uses-feature
103-->[com.journeyapps:zxing-android-embedded:4.3.0] AndroidManifest.xml:39:5-41:36
104        android:name="android.hardware.screen.landscape"
104-->[com.journeyapps:zxing-android-embedded:4.3.0] AndroidManifest.xml:40:9-57
105        android:required="false" />
105-->[com.journeyapps:zxing-android-embedded:4.3.0] AndroidManifest.xml:41:9-33
106
107    <application
107-->src/main/AndroidManifest.xml:81:5-610:19
108        android:name="org.thoughtcrime.securesms.ApplicationContext"
108-->src/main/AndroidManifest.xml:82:9-43
109        android:allowBackup="false"
109-->src/main/AndroidManifest.xml:86:9-36
110        android:appComponentFactory="androidx.core.app.CoreComponentFactory"
110-->[androidx.core:core:1.17.0] AndroidManifest.xml:28:18-86
111        android:extractNativeLibs="true"
112        android:hasFragileUserData="true"
112-->src/main/AndroidManifest.xml:92:9-42
113        android:icon="@mipmap/ic_launcher"
113-->src/main/AndroidManifest.xml:83:9-43
114        android:label="@string/app_name"
114-->src/main/AndroidManifest.xml:84:9-41
115        android:largeHeap="true"
115-->src/main/AndroidManifest.xml:88:9-33
116        android:localeConfig="@xml/_generated_res_locale_config"
117        android:requestLegacyExternalStorage="true"
117-->src/main/AndroidManifest.xml:90:9-52
118        android:supportsRtl="true"
118-->src/main/AndroidManifest.xml:85:9-35
119        android:theme="@style/TextSecure.LightTheme" >
119-->src/main/AndroidManifest.xml:87:9-53
120        <service
120-->src/foss/AndroidManifest.xml:10:9-13:38
121            android:name="org.thoughtcrime.securesms.connect.KeepAliveService"
121-->src/foss/AndroidManifest.xml:11:13-53
122            android:enabled="true"
122-->src/foss/AndroidManifest.xml:13:13-35
123            android:foregroundServiceType="specialUse" />
123-->src/foss/AndroidManifest.xml:12:13-55
124        <!--
125         android car support, see https://developer.android.com/training/auto/start/, as this potentially
126            blocks releases on gplay due to extra-checks, we disable this during the first gplay releases
127        -->
128        <!--
129 <meta-data android:name="com.google.android.gms.car.application" android:resource="@xml/automotive_app_desc"
130            />
131        -->
132        <!-- Opt out of metrics collection: https://developer.android.com/develop/ui/views/layout/webapps/managing-webview#metrics -->
133        <meta-data
133-->src/main/AndroidManifest.xml:100:9-102:36
134            android:name="android.webkit.WebView.MetricsOptOut"
134-->src/main/AndroidManifest.xml:101:13-64
135            android:value="true" />
135-->src/main/AndroidManifest.xml:102:13-33
136
137        <activity
137-->src/main/AndroidManifest.xml:104:9-149:20
138            android:name="org.thoughtcrime.securesms.ShareActivity"
138-->src/main/AndroidManifest.xml:105:13-42
139            android:configChanges="touchscreen|keyboard|keyboardHidden|orientation|screenLayout|screenSize"
139-->src/main/AndroidManifest.xml:111:13-108
140            android:excludeFromRecents="true"
140-->src/main/AndroidManifest.xml:107:13-46
141            android:exported="true"
141-->src/main/AndroidManifest.xml:112:13-36
142            android:launchMode="singleTask"
142-->src/main/AndroidManifest.xml:108:13-44
143            android:taskAffinity=""
143-->src/main/AndroidManifest.xml:109:13-36
144            android:theme="@android:style/Theme.Translucent.NoTitleBar"
144-->src/main/AndroidManifest.xml:106:13-72
145            android:windowSoftInputMode="stateHidden" >
145-->src/main/AndroidManifest.xml:110:13-54
146            <intent-filter>
146-->src/main/AndroidManifest.xml:114:13-124:29
147                <action android:name="android.intent.action.SEND" />
147-->src/main/AndroidManifest.xml:115:17-69
147-->src/main/AndroidManifest.xml:115:25-66
148
149                <category android:name="android.intent.category.DEFAULT" />
149-->src/main/AndroidManifest.xml:116:17-76
149-->src/main/AndroidManifest.xml:116:27-73
150
151                <data android:mimeType="audio/*" />
151-->src/main/AndroidManifest.xml:117:17-52
151-->src/main/AndroidManifest.xml:117:23-49
152                <data android:mimeType="image/*" />
152-->src/main/AndroidManifest.xml:117:17-52
152-->src/main/AndroidManifest.xml:117:23-49
153                <data android:mimeType="text/plain" />
153-->src/main/AndroidManifest.xml:117:17-52
153-->src/main/AndroidManifest.xml:117:23-49
154                <data android:mimeType="video/*" />
154-->src/main/AndroidManifest.xml:117:17-52
154-->src/main/AndroidManifest.xml:117:23-49
155                <data android:mimeType="application/*" />
155-->src/main/AndroidManifest.xml:117:17-52
155-->src/main/AndroidManifest.xml:117:23-49
156                <data android:mimeType="text/*" />
156-->src/main/AndroidManifest.xml:117:17-52
156-->src/main/AndroidManifest.xml:117:23-49
157                <data android:mimeType="*/*" />
157-->src/main/AndroidManifest.xml:117:17-52
157-->src/main/AndroidManifest.xml:117:23-49
158            </intent-filter>
159            <intent-filter>
159-->src/main/AndroidManifest.xml:126:13-132:29
160                <data android:scheme="mailto" />
160-->src/main/AndroidManifest.xml:117:17-52
161
162                <action android:name="android.intent.action.SENDTO" />
162-->src/main/AndroidManifest.xml:128:17-71
162-->src/main/AndroidManifest.xml:128:25-68
163                <action android:name="android.intent.action.VIEW" />
163-->src/main/AndroidManifest.xml:129:17-69
163-->src/main/AndroidManifest.xml:129:25-66
164
165                <category android:name="android.intent.category.DEFAULT" />
165-->src/main/AndroidManifest.xml:116:17-76
165-->src/main/AndroidManifest.xml:116:27-73
166                <category android:name="android.intent.category.BROWSABLE" />
166-->src/main/AndroidManifest.xml:131:17-78
166-->src/main/AndroidManifest.xml:131:27-75
167            </intent-filter>
168            <intent-filter>
168-->src/main/AndroidManifest.xml:134:13-144:29
169                <action android:name="android.intent.action.SEND_MULTIPLE" />
169-->src/main/AndroidManifest.xml:135:17-78
169-->src/main/AndroidManifest.xml:135:25-75
170
171                <category android:name="android.intent.category.DEFAULT" />
171-->src/main/AndroidManifest.xml:116:17-76
171-->src/main/AndroidManifest.xml:116:27-73
172
173                <data android:mimeType="audio/*" />
173-->src/main/AndroidManifest.xml:117:17-52
173-->src/main/AndroidManifest.xml:117:23-49
174                <data android:mimeType="image/*" />
174-->src/main/AndroidManifest.xml:117:17-52
174-->src/main/AndroidManifest.xml:117:23-49
175                <data android:mimeType="text/plain" />
175-->src/main/AndroidManifest.xml:117:17-52
175-->src/main/AndroidManifest.xml:117:23-49
176                <data android:mimeType="video/*" />
176-->src/main/AndroidManifest.xml:117:17-52
176-->src/main/AndroidManifest.xml:117:23-49
177                <data android:mimeType="application/*" />
177-->src/main/AndroidManifest.xml:117:17-52
177-->src/main/AndroidManifest.xml:117:23-49
178                <data android:mimeType="text/*" />
178-->src/main/AndroidManifest.xml:117:17-52
178-->src/main/AndroidManifest.xml:117:23-49
179                <data android:mimeType="*/*" />
179-->src/main/AndroidManifest.xml:117:17-52
179-->src/main/AndroidManifest.xml:117:23-49
180            </intent-filter>
181
182            <meta-data
182-->src/main/AndroidManifest.xml:145:13-147:83
183                android:name="android.service.chooser.chooser_target_service"
183-->src/main/AndroidManifest.xml:146:17-78
184                android:value="androidx.sharetarget.ChooserTargetServiceCompat" />
184-->src/main/AndroidManifest.xml:147:17-80
185        </activity>
186        <activity
186-->src/main/AndroidManifest.xml:151:9-157:39
187            android:name="org.thoughtcrime.securesms.ConversationListActivity"
187-->src/main/AndroidManifest.xml:152:13-53
188            android:configChanges="touchscreen|keyboard|keyboardHidden|orientation|screenLayout|screenSize"
188-->src/main/AndroidManifest.xml:156:13-108
189            android:exported="true"
189-->src/main/AndroidManifest.xml:157:13-36
190            android:label="@string/app_name"
190-->src/main/AndroidManifest.xml:153:13-45
191            android:launchMode="singleTask"
191-->src/main/AndroidManifest.xml:154:13-44
192            android:theme="@style/TextSecure.Splash" />
192-->src/main/AndroidManifest.xml:155:13-53
193        <!--
194            RoutingActivity kept for deep-link handling (openpgp4fpr, i.delta.chat),
195            but it is no longer the LAUNCHER activity — MeshSetupActivity is.
196        -->
197        <activity-alias
197-->src/main/AndroidManifest.xml:187:9-231:26
198            android:name="org.thoughtcrime.securesms.RoutingActivity"
198-->src/main/AndroidManifest.xml:188:13-44
199            android:exported="true"
199-->src/main/AndroidManifest.xml:190:13-36
200            android:targetActivity="org.thoughtcrime.securesms.ConversationListActivity" >
200-->src/main/AndroidManifest.xml:189:13-63
201            <intent-filter>
201-->src/main/AndroidManifest.xml:192:13-210:29
202                <action android:name="android.intent.action.VIEW" />
202-->src/main/AndroidManifest.xml:129:17-69
202-->src/main/AndroidManifest.xml:129:25-66
203
204                <category android:name="android.intent.category.DEFAULT" />
204-->src/main/AndroidManifest.xml:116:17-76
204-->src/main/AndroidManifest.xml:116:27-73
205                <category android:name="android.intent.category.BROWSABLE" />
205-->src/main/AndroidManifest.xml:131:17-78
205-->src/main/AndroidManifest.xml:131:27-75
206                <!-- Android's scheme matcher is case-sensitive, so include most likely variations -->
207                <data android:scheme="openpgp4fpr" />
207-->src/main/AndroidManifest.xml:117:17-52
208                <data android:scheme="OPENPGP4FPR" />
208-->src/main/AndroidManifest.xml:117:17-52
209                <data android:scheme="OpenPGP4FPR" />
209-->src/main/AndroidManifest.xml:117:17-52
210                <data android:scheme="OpenPGP4fpr" />
210-->src/main/AndroidManifest.xml:117:17-52
211                <data android:scheme="OpenPGP4fpr" />
211-->src/main/AndroidManifest.xml:117:17-52
212            </intent-filter>
213            <intent-filter android:autoVerify="true" >
213-->src/main/AndroidManifest.xml:212:13-219:29
213-->src/main/AndroidManifest.xml:212:28-53
214                <action android:name="android.intent.action.VIEW" />
214-->src/main/AndroidManifest.xml:129:17-69
214-->src/main/AndroidManifest.xml:129:25-66
215
216                <category android:name="android.intent.category.DEFAULT" />
216-->src/main/AndroidManifest.xml:116:17-76
216-->src/main/AndroidManifest.xml:116:27-73
217                <category android:name="android.intent.category.BROWSABLE" />
217-->src/main/AndroidManifest.xml:131:17-78
217-->src/main/AndroidManifest.xml:131:27-75
218
219                <data
219-->src/main/AndroidManifest.xml:117:17-52
220                    android:host="i.delta.chat"
221                    android:scheme="https" />
222            </intent-filter>
223
224            <meta-data
224-->src/main/AndroidManifest.xml:221:13-223:58
225                android:name="com.sec.minimode.icon.portrait.normal"
225-->src/main/AndroidManifest.xml:222:17-69
226                android:resource="@mipmap/ic_launcher" />
226-->src/main/AndroidManifest.xml:223:17-55
227            <meta-data
227-->src/main/AndroidManifest.xml:224:13-226:58
228                android:name="com.sec.minimode.icon.landscape.normal"
228-->src/main/AndroidManifest.xml:225:17-70
229                android:resource="@mipmap/ic_launcher" />
229-->src/main/AndroidManifest.xml:226:17-55
230            <meta-data
230-->src/main/AndroidManifest.xml:227:13-229:53
231                android:name="android.app.shortcuts"
231-->src/main/AndroidManifest.xml:228:17-53
232                android:resource="@xml/shortcuts" />
232-->src/main/AndroidManifest.xml:229:17-50
233        </activity-alias> <!-- MeshSetupActivity: EpsilonChat mesh invite / QR bootstrap screen. -->
234        <!-- This replaces the Delta Chat email onboarding flow as the main entry point. -->
235        <activity
235-->src/main/AndroidManifest.xml:161:9-181:20
236            android:name="org.thoughtcrime.securesms.MeshSetupActivity"
236-->src/main/AndroidManifest.xml:162:13-46
237            android:configChanges="touchscreen|keyboard|keyboardHidden|orientation|screenLayout|screenSize"
237-->src/main/AndroidManifest.xml:166:13-108
238            android:exported="true"
238-->src/main/AndroidManifest.xml:167:13-36
239            android:label="@string/app_name"
239-->src/main/AndroidManifest.xml:163:13-45
240            android:launchMode="singleTask"
240-->src/main/AndroidManifest.xml:164:13-44
241            android:theme="@style/TextSecure.LightNoActionBar" >
241-->src/main/AndroidManifest.xml:165:13-63
242            <intent-filter>
242-->src/main/AndroidManifest.xml:169:13-173:29
243                <action android:name="android.intent.action.MAIN" />
243-->src/main/AndroidManifest.xml:170:17-69
243-->src/main/AndroidManifest.xml:170:25-66
244
245                <category android:name="android.intent.category.LAUNCHER" />
245-->src/main/AndroidManifest.xml:171:17-77
245-->src/main/AndroidManifest.xml:171:27-74
246                <category android:name="android.intent.category.MULTIWINDOW_LAUNCHER" />
246-->src/main/AndroidManifest.xml:172:17-89
246-->src/main/AndroidManifest.xml:172:27-86
247            </intent-filter>
248            <intent-filter>
248-->src/main/AndroidManifest.xml:175:13-180:29
249                <action android:name="android.intent.action.VIEW" />
249-->src/main/AndroidManifest.xml:129:17-69
249-->src/main/AndroidManifest.xml:129:25-66
250
251                <category android:name="android.intent.category.DEFAULT" />
251-->src/main/AndroidManifest.xml:116:17-76
251-->src/main/AndroidManifest.xml:116:27-73
252                <category android:name="android.intent.category.BROWSABLE" />
252-->src/main/AndroidManifest.xml:131:17-78
252-->src/main/AndroidManifest.xml:131:27-75
253
254                <data android:scheme="epsilon" />
254-->src/main/AndroidManifest.xml:117:17-52
255            </intent-filter>
256        </activity>
257        <activity
257-->src/main/AndroidManifest.xml:233:9-242:20
258            android:name="org.thoughtcrime.securesms.ConversationListArchiveActivity"
258-->src/main/AndroidManifest.xml:234:13-60
259            android:configChanges="touchscreen|keyboard|keyboardHidden|orientation|screenLayout|screenSize"
259-->src/main/AndroidManifest.xml:237:13-108
260            android:label="@string/chat_archived_label"
260-->src/main/AndroidManifest.xml:235:13-56
261            android:launchMode="singleTask"
261-->src/main/AndroidManifest.xml:236:13-44
262            android:parentActivityName="org.thoughtcrime.securesms.ConversationListActivity" >
262-->src/main/AndroidManifest.xml:238:13-67
263            <meta-data
263-->src/main/AndroidManifest.xml:239:13-241:87
264                android:name="android.support.PARENT_ACTIVITY"
264-->src/main/AndroidManifest.xml:240:17-63
265                android:value="org.thoughtcrime.securesms.ConversationListActivity" />
265-->src/main/AndroidManifest.xml:241:17-84
266        </activity>
267        <activity
267-->src/main/AndroidManifest.xml:244:9-249:111
268            android:name="org.thoughtcrime.securesms.ConversationListRelayingActivity"
268-->src/main/AndroidManifest.xml:245:13-61
269            android:configChanges="touchscreen|keyboard|keyboardHidden|orientation|screenLayout|screenSize"
269-->src/main/AndroidManifest.xml:249:13-108
270            android:label="@string/app_name"
270-->src/main/AndroidManifest.xml:246:13-45
271            android:launchMode="singleTask"
271-->src/main/AndroidManifest.xml:247:13-44
272            android:theme="@style/TextSecure.LightNoActionBar" />
272-->src/main/AndroidManifest.xml:248:13-63
273        <activity
273-->src/main/AndroidManifest.xml:251:9-265:20
274            android:name="org.thoughtcrime.securesms.ConversationActivity"
274-->src/main/AndroidManifest.xml:252:13-49
275            android:configChanges="touchscreen|keyboard|keyboardHidden|orientation|screenLayout|screenSize"
275-->src/main/AndroidManifest.xml:256:13-108
276            android:launchMode="singleTask"
276-->src/main/AndroidManifest.xml:254:13-44
277            android:parentActivityName="org.thoughtcrime.securesms.ConversationListActivity"
277-->src/main/AndroidManifest.xml:257:13-67
278            android:relinquishTaskIdentity="true"
278-->src/main/AndroidManifest.xml:255:13-50
279            android:windowSoftInputMode="stateUnchanged" >
279-->src/main/AndroidManifest.xml:253:13-57
280
281            <!--
282                 Without relinquishTaskIdentity="true", we would have the following bug: - Directly open
283                a chat via shortcut (by long-pressing on the DeltaChat icon in the launcher) - Press back twice - Reopen
284                DeltaChat from recent apps - Expected: ConversationList shown. Actual: The chat from the beginning is
285                shown again.
286            -->
287            <meta-data
287-->src/main/AndroidManifest.xml:239:13-241:87
288                android:name="android.support.PARENT_ACTIVITY"
288-->src/main/AndroidManifest.xml:240:17-63
289                android:value="org.thoughtcrime.securesms.ConversationListActivity" />
289-->src/main/AndroidManifest.xml:241:17-84
290        </activity>
291        <activity
291-->src/main/AndroidManifest.xml:267:9-269:111
292            android:name="org.thoughtcrime.securesms.GroupCreateActivity"
292-->src/main/AndroidManifest.xml:268:13-48
293            android:configChanges="touchscreen|keyboard|keyboardHidden|orientation|screenLayout|screenSize" />
293-->src/main/AndroidManifest.xml:269:13-108
294        <activity
294-->src/main/AndroidManifest.xml:271:9-273:111
295            android:name="org.thoughtcrime.securesms.contacts.NewContactActivity"
295-->src/main/AndroidManifest.xml:272:13-56
296            android:configChanges="touchscreen|keyboard|keyboardHidden|orientation|screenLayout|screenSize" />
296-->src/main/AndroidManifest.xml:273:13-108
297        <activity
297-->src/main/AndroidManifest.xml:275:9-280:20
298            android:name="org.thoughtcrime.securesms.NewConversationActivity"
298-->src/main/AndroidManifest.xml:276:13-52
299            android:configChanges="touchscreen|keyboard|keyboardHidden|orientation|screenLayout|screenSize"
299-->src/main/AndroidManifest.xml:279:13-108
300            android:theme="@style/TextSecure.LightNoActionBar"
300-->src/main/AndroidManifest.xml:277:13-63
301            android:windowSoftInputMode="stateHidden" >
301-->src/main/AndroidManifest.xml:278:13-54
302        </activity>
303        <activity
303-->src/main/AndroidManifest.xml:282:9-286:111